{
"/Users/eilis/git/connectors/hoist-connector-vend/lib/connector.js":{"path":"/Users/eilis/git/connectors/hoist-connector-vend/lib/connector.js","s":{"1":1,"2":1,"3":1,"4":1,"5":1,"6":1,"7":1,"8":1,"9":1,"10":1,"11":1,"12":1,"13":2,"14":2,"15":1,"16":2,"17":2,"18":1,"19":1,"20":1,"21":2,"22":2,"23":1,"24":1,"25":1,"26":2,"27":1,"28":1,"29":1,"30":1,"31":1,"32":1,"33":1,"34":1,"35":0,"36":0,"37":1,"38":1,"39":1,"40":1,"41":1,"42":0,"43":1,"44":1,"45":1,"46":0,"47":0,"48":0,"49":0,"50":0,"51":0,"52":0,"53":0,"54":1,"55":0,"56":1,"57":0,"58":0,"59":0,"60":0,"61":0,"62":0,"63":0,"64":1,"65":0,"66":0,"67":0,"68":1,"69":0,"70":1},"b":{"1":[1,1],"2":[1,1],"3":[1,1],"4":[0,1],"5":[0,1],"6":[1,1],"7":[1,0],"8":[0,1],"9":[0,0],"10":[0,0],"11":[0,0],"12":[0,0]},"f":{"1":1,"2":2,"3":2,"4":2,"5":2,"6":1,"7":0,"8":0,"9":0,"10":0,"11":0,"12":0,"13":0,"14":0,"15":0},"fnMap":{"1":{"name":"VendConnector","line":14,"loc":{"start":{"line":14,"column":0},"end":{"line":14,"column":33}}},"2":{"name":"get","line":21,"loc":{"start":{"line":21,"column":30},"end":{"line":21,"column":61}}},"3":{"name":"post","line":26,"loc":{"start":{"line":26,"column":31},"end":{"line":26,"column":56}}},"4":{"name":"put","line":34,"loc":{"start":{"line":34,"column":30},"end":{"line":34,"column":54}}},"5":{"name":"request","line":42,"loc":{"start":{"line":42,"column":34},"end":{"line":42,"column":84}}},"6":{"name":"(anonymous_6)","line":54,"loc":{"start":{"line":54,"column":34},"end":{"line":54,"column":46}}},"7":{"name":"(anonymous_7)","line":84,"loc":{"start":{"line":84,"column":39},"end":{"line":84,"column":51}}},"8":{"name":"(anonymous_8)","line":102,"loc":{"start":{"line":102,"column":14},"end":{"line":102,"column":34}}},"9":{"name":"(anonymous_9)","line":115,"loc":{"start":{"line":115,"column":36},"end":{"line":115,"column":60}},"skip":true},"10":{"name":"(anonymous_10)","line":119,"loc":{"start":{"line":119,"column":40},"end":{"line":119,"column":58}}},"11":{"name":"(anonymous_11)","line":123,"loc":{"start":{"line":123,"column":12},"end":{"line":123,"column":24}}},"12":{"name":"(anonymous_12)","line":127,"loc":{"start":{"line":127,"column":12},"end":{"line":127,"column":24}}},"13":{"name":"(anonymous_13)","line":130,"loc":{"start":{"line":130,"column":12},"end":{"line":130,"column":32}}},"14":{"name":"(anonymous_14)","line":140,"loc":{"start":{"line":140,"column":45},"end":{"line":140,"column":63}}},"15":{"name":"requestPromiseHelper","line":161,"loc":{"start":{"line":161,"column":47},"end":{"line":161,"column":86}},"skip":true}},"statementMap":{"1":{"start":{"line":2,"column":0},"end":{"line":2,"column":36}},"2":{"start":{"line":3,"column":0},"end":{"line":3,"column":48}},"3":{"start":{"line":4,"column":0},"end":{"line":4,"column":37}},"4":{"start":{"line":5,"column":0},"end":{"line":5,"column":25}},"5":{"start":{"line":6,"column":0},"end":{"line":6,"column":37}},"6":{"start":{"line":7,"column":0},"end":{"line":7,"column":26}},"7":{"start":{"line":9,"column":0},"end":{"line":9,"column":31}},"8":{"start":{"line":10,"column":0},"end":{"line":10,"column":54}},"9":{"start":{"line":14,"column":0},"end":{"line":19,"column":1}},"10":{"start":{"line":15,"column":2},"end":{"line":17,"column":35}},"11":{"start":{"line":18,"column":2},"end":{"line":18,"column":27}},"12":{"start":{"line":21,"column":0},"end":{"line":24,"column":2}},"13":{"start":{"line":22,"column":2},"end":{"line":22,"column":49}},"14":{"start":{"line":23,"column":2},"end":{"line":23,"column":47}},"15":{"start":{"line":26,"column":0},"end":{"line":32,"column":2}},"16":{"start":{"line":27,"column":2},"end":{"line":27,"column":50}},"17":{"start":{"line":28,"column":2},"end":{"line":30,"column":3}},"18":{"start":{"line":29,"column":4},"end":{"line":29,"column":81}},"19":{"start":{"line":31,"column":2},"end":{"line":31,"column":47}},"20":{"start":{"line":34,"column":0},"end":{"line":40,"column":2}},"21":{"start":{"line":35,"column":2},"end":{"line":35,"column":49}},"22":{"start":{"line":36,"column":2},"end":{"line":38,"column":3}},"23":{"start":{"line":37,"column":4},"end":{"line":37,"column":80}},"24":{"start":{"line":39,"column":2},"end":{"line":39,"column":46}},"25":{"start":{"line":42,"column":0},"end":{"line":82,"column":2}},"26":{"start":{"line":43,"column":2},"end":{"line":45,"column":3}},"27":{"start":{"line":44,"column":4},"end":{"line":44,"column":73}},"28":{"start":{"line":47,"column":2},"end":{"line":47,"column":28}},"29":{"start":{"line":48,"column":2},"end":{"line":51,"column":44}},"30":{"start":{"line":53,"column":2},"end":{"line":53,"column":18}},"31":{"start":{"line":54,"column":2},"end":{"line":81,"column":5}},"32":{"start":{"line":55,"column":4},"end":{"line":57,"column":6}},"33":{"start":{"line":59,"column":4},"end":{"line":64,"column":6}},"34":{"start":{"line":66,"column":4},"end":{"line":69,"column":5}},"35":{"start":{"line":67,"column":6},"end":{"line":67,"column":26}},"36":{"start":{"line":68,"column":6},"end":{"line":68,"column":26}},"37":{"start":{"line":71,"column":4},"end":{"line":79,"column":5}},"38":{"start":{"line":72,"column":6},"end":{"line":72,"column":51}},"39":{"start":{"line":73,"column":6},"end":{"line":73,"column":30}},"40":{"start":{"line":74,"column":6},"end":{"line":74,"column":34}},"41":{"start":{"line":75,"column":6},"end":{"line":77,"column":7}},"42":{"start":{"line":76,"column":8},"end":{"line":76,"column":45}},"43":{"start":{"line":78,"column":6},"end":{"line":78,"column":42}},"44":{"start":{"line":80,"column":4},"end":{"line":80,"column":46}},"45":{"start":{"line":84,"column":0},"end":{"line":112,"column":2}},"46":{"start":{"line":85,"column":2},"end":{"line":111,"column":3}},"47":{"start":{"line":86,"column":4},"end":{"line":107,"column":5}},"48":{"start":{"line":87,"column":6},"end":{"line":92,"column":8}},"49":{"start":{"line":93,"column":6},"end":{"line":99,"column":8}},"50":{"start":{"line":100,"column":6},"end":{"line":106,"column":11}},"51":{"start":{"line":103,"column":10},"end":{"line":105,"column":11}},"52":{"start":{"line":104,"column":12},"end":{"line":104,"column":65}},"53":{"start":{"line":108,"column":4},"end":{"line":108,"column":31}},"54":{"start":{"line":115,"column":0},"end":{"line":117,"column":2},"skip":true},"55":{"start":{"line":116,"column":2},"end":{"line":116,"column":35},"skip":true},"56":{"start":{"line":119,"column":0},"end":{"line":138,"column":2}},"57":{"start":{"line":120,"column":2},"end":{"line":137,"column":3}},"58":{"start":{"line":121,"column":4},"end":{"line":121,"column":36}},"59":{"start":{"line":122,"column":4},"end":{"line":133,"column":25}},"60":{"start":{"line":124,"column":8},"end":{"line":124,"column":63}},"61":{"start":{"line":128,"column":8},"end":{"line":128,"column":47}},"62":{"start":{"line":131,"column":8},"end":{"line":131,"column":50}},"63":{"start":{"line":135,"column":4},"end":{"line":136,"column":77}},"64":{"start":{"line":140,"column":0},"end":{"line":158,"column":2}},"65":{"start":{"line":141,"column":2},"end":{"line":147,"column":4}},"66":{"start":{"line":149,"column":2},"end":{"line":155,"column":4}},"67":{"start":{"line":157,"column":2},"end":{"line":157,"column":44}},"68":{"start":{"line":161,"column":0},"end":{"line":163,"column":2},"skip":true},"69":{"start":{"line":162,"column":2},"end":{"line":162,"column":33},"skip":true},"70":{"start":{"line":165,"column":0},"end":{"line":165,"column":31}}},"branchMap":{"1":{"line":28,"type":"if","locations":[{"start":{"line":28,"column":2},"end":{"line":28,"column":2}},{"start":{"line":28,"column":2},"end":{"line":28,"column":2}}]},"2":{"line":36,"type":"if","locations":[{"start":{"line":36,"column":2},"end":{"line":36,"column":2}},{"start":{"line":36,"column":2},"end":{"line":36,"column":2}}]},"3":{"line":43,"type":"if","locations":[{"start":{"line":43,"column":2},"end":{"line":43,"column":2}},{"start":{"line":43,"column":2},"end":{"line":43,"column":2}}]},"4":{"line":47,"type":"cond-expr","locations":[{"start":{"line":47,"column":16},"end":{"line":47,"column":20}},{"start":{"line":47,"column":23},"end":{"line":47,"column":27}}]},"5":{"line":66,"type":"if","locations":[{"start":{"line":66,"column":4},"end":{"line":66,"column":4}},{"start":{"line":66,"column":4},"end":{"line":66,"column":4}}]},"6":{"line":66,"type":"binary-expr","locations":[{"start":{"line":66,"column":8},"end":{"line":66,"column":24}},{"start":{"line":66,"column":28},"end":{"line":66,"column":45}}]},"7":{"line":71,"type":"if","locations":[{"start":{"line":71,"column":4},"end":{"line":71,"column":4}},{"start":{"line":71,"column":4},"end":{"line":71,"column":4}}]},"8":{"line":75,"type":"if","locations":[{"start":{"line":75,"column":6},"end":{"line":75,"column":6}},{"start":{"line":75,"column":6},"end":{"line":75,"column":6}}]},"9":{"line":85,"type":"if","locations":[{"start":{"line":85,"column":2},"end":{"line":85,"column":2}},{"start":{"line":85,"column":2},"end":{"line":85,"column":2}}]},"10":{"line":86,"type":"if","locations":[{"start":{"line":86,"column":4},"end":{"line":86,"column":4}},{"start":{"line":86,"column":4},"end":{"line":86,"column":4}}]},"11":{"line":103,"type":"if","locations":[{"start":{"line":103,"column":10},"end":{"line":103,"column":10}},{"start":{"line":103,"column":10},"end":{"line":103,"column":10}}]},"12":{"line":120,"type":"if","locations":[{"start":{"line":120,"column":2},"end":{"line":120,"column":2}},{"start":{"line":120,"column":2},"end":{"line":120,"column":2}}]}},"l":{"2":1,"3":1,"4":1,"5":1,"6":1,"7":1,"9":1,"10":1,"14":1,"15":1,"18":1,"21":1,"22":2,"23":2,"26":1,"27":2,"28":2,"29":1,"31":1,"34":1,"35":2,"36":2,"37":1,"39":1,"42":1,"43":2,"44":1,"47":1,"48":1,"53":1,"54":1,"55":1,"59":1,"66":1,"67":0,"68":0,"71":1,"72":1,"73":1,"74":1,"75":1,"76":0,"78":1,"80":1,"84":1,"85":0,"86":0,"87":0,"93":0,"100":0,"103":0,"104":0,"108":0,"115":1,"116":1,"119":1,"120":0,"121":0,"122":0,"124":0,"128":0,"131":0,"135":0,"140":1,"141":0,"149":0,"157":0,"161":1,"162":1,"165":1}}}
