TN:
SF:/Users/eilis/git/connectors/hoist-connector-vend/lib/connector.js
FN:14,VendConnector
FN:21,get
FN:26,post
FN:34,put
FN:42,request
FN:54,(anonymous_6)
FN:84,(anonymous_7)
FN:102,(anonymous_8)
FN:115,(anonymous_9)
FN:119,(anonymous_10)
FN:123,(anonymous_11)
FN:127,(anonymous_12)
FN:130,(anonymous_13)
FN:140,(anonymous_14)
FN:161,requestPromiseHelper
FNF:15
FNH:8
FNDA:1,VendConnector
FNDA:2,get
FNDA:2,post
FNDA:2,put
FNDA:2,request
FNDA:1,(anonymous_6)
FNDA:0,(anonymous_7)
FNDA:0,(anonymous_8)
FNDA:0,(anonymous_9)
FNDA:0,(anonymous_10)
FNDA:0,(anonymous_11)
FNDA:0,(anonymous_12)
FNDA:0,(anonymous_13)
FNDA:0,(anonymous_14)
FNDA:0,requestPromiseHelper
DA:2,1
DA:3,1
DA:4,1
DA:5,1
DA:6,1
DA:7,1
DA:9,1
DA:10,1
DA:14,1
DA:15,1
DA:18,1
DA:21,1
DA:22,2
DA:23,2
DA:26,1
DA:27,2
DA:28,2
DA:29,1
DA:31,1
DA:34,1
DA:35,2
DA:36,2
DA:37,1
DA:39,1
DA:42,1
DA:43,2
DA:44,1
DA:47,1
DA:48,1
DA:53,1
DA:54,1
DA:55,1
DA:59,1
DA:66,1
DA:67,0
DA:68,0
DA:71,1
DA:72,1
DA:73,1
DA:74,1
DA:75,1
DA:76,0
DA:78,1
DA:80,1
DA:84,1
DA:85,0
DA:86,0
DA:87,0
DA:93,0
DA:100,0
DA:103,0
DA:104,0
DA:108,0
DA:115,1
DA:116,1
DA:119,1
DA:120,0
DA:121,0
DA:122,0
DA:124,0
DA:128,0
DA:131,0
DA:135,0
DA:140,1
DA:141,0
DA:149,0
DA:157,0
DA:161,1
DA:162,1
DA:165,1
LF:70
LH:49
BRDA:28,1,0,1
BRDA:28,1,1,1
BRDA:36,2,0,1
BRDA:36,2,1,1
BRDA:43,3,0,1
BRDA:43,3,1,1
BRDA:47,4,0,0
BRDA:47,4,1,1
BRDA:66,5,0,0
BRDA:66,5,1,1
BRDA:66,6,0,1
BRDA:66,6,1,1
BRDA:71,7,0,1
BRDA:71,7,1,0
BRDA:75,8,0,0
BRDA:75,8,1,1
BRDA:85,9,0,0
BRDA:85,9,1,0
BRDA:86,10,0,0
BRDA:86,10,1,0
BRDA:103,11,0,0
BRDA:103,11,1,0
BRDA:120,12,0,0
BRDA:120,12,1,0
BRF:24
BRH:12
end_of_record
